5-31-2024 15:06:19 - log: Load engine in /Applications/Cocos/Creator/3.8.2/CocosCreator.app/Contents/Resources/resources/3d/engine
5-31-2024 15:06:20 - log: Profile changed: engine (modules.includeModules: 2d,animation,audio,base,dragon-bones,gfx-webgl,gfx-webgl2,intersection-2d,particle-2d,physics-2d-box2d,profiler,spine,tiled-map,tween,ui,video,webview)
5-31-2024 15:06:20 - log: Register native engine in /Applications/Cocos/Creator/3.8.2/CocosCreator.app/Contents/Resources/resources/3d/engine/native
5-31-2024 15:06:50 - log: [Scene] meshopt wasm decoder initialized
5-31-2024 15:06:50 - log: [Scene] [box2d]:box2d wasm lib loaded.
5-31-2024 15:06:50 - log: [Scene] [bullet]:bullet wasm lib loaded.
5-31-2024 15:06:50 - log: [Scene] [PHYSICS]: using builtin.
5-31-2024 15:06:51 - log: [Scene] Cocos Creator v3.8.2
5-31-2024 15:06:51 - info: [Scene] Forward render pipeline initialized.
5-31-2024 15:06:51 - log: [Scene] [PHYSICS2D]: switch from box2d-wasm to box2d.
5-31-2024 15:38:51 - info: [Window] Download the Vue Devtools extension for a better development experience:
https://github.com/vuejs/vue-devtools
5-31-2024 15:38:51 - info: [Window] You are running Vue in development mode.
Make sure to turn on production mode when deploying for production.
See more tips at https://vuejs.org/guide/deployment.html
5-31-2024 16:06:26 - info: [Window] Download the Vue Devtools extension for a better development experience:
https://github.com/vuejs/vue-devtools
5-31-2024 16:06:26 - info: [Window] You are running Vue in development mode.
Make sure to turn on production mode when deploying for production.
See more tips at https://vuejs.org/guide/deployment.html
