2024-4-24 14:34:41 - debug: =================================== build Task (web-desktop) Start ================================
2024-4-24 14:34:41 - debug: Start build task, options:{"name":"AircraftBattle","server":"","platform":"web-desktop","buildPath":"project://build","debug":false,"md5Cache":false,"skipCompressTexture":false,"sourceMaps":false,"polyfills":{"asyncFunctions":true},"experimentalEraseModules":false,"startSceneAssetBundle":false,"bundleConfigs":[],"useBuiltinServer":false,"mainBundleIsRemote":false,"mainBundleCompressionType":"merge_dep","useSplashScreen":true,"bundleCommonChunk":false,"packAutoAtlas":true,"startScene":"00d0038f-6501-4aca-9019-e889f5434aa0","outputName":"web-desktop","taskName":"web-desktop","scenes":[{"url":"db://assets/scene.scene","uuid":"00d0038f-6501-4aca-9019-e889f5434aa0"}],"packages":{"engine":{"cleanupImageCache":"inheritProjectSetting","__version__":"1.0.8"},"adsense-h5g-plugin":{"enableAdsense":false,"enableTestAd":false,"__version__":"1.0.1","AFPHostPropertyCode":"ca-host-pub-5396158963872751","AFPHostDomain":"douyougame.com","otherAFPHostPropertyCode":"","otherAFPDomain":""},"cocos-service":{"configID":"22ed39","services":[],"__version__":"3.0.7"},"web-desktop":{"resolution":{"designWidth":480,"designHeight":800},"cullEngineAsmJsModule":false,"__version__":"1.0.1"}},"__version__":"1.3.7","buildMode":"normal","logDest":"project://temp/builder/log/web-desktop4-24-2024 14-34.log"}
2024-4-24 14:34:41 - debug: Build with Cocos Creator 3.8.2
2024-4-24 14:34:41 - debug: cocos-service:(onBeforeBuild) start..., progress: 0%
2024-4-24 14:34:41 - debug: // ---- build task cocos-service：onBeforeBuild ----
2024-4-24 14:34:41 - debug: // ---- build task cocos-service：onBeforeBuild ---- (615ms)
2024-4-24 14:34:41 - debug: cocos-service:(onBeforeBuild) in 615 ms ✓, progress: 2%
2024-4-24 14:34:41 - debug: scene:(onBeforeBuild) start..., progress: 2%
2024-4-24 14:34:41 - debug: // ---- build task scene：onBeforeBuild ----
2024-4-24 14:34:41 - debug: // ---- build task scene：onBeforeBuild ---- (26ms)
2024-4-24 14:34:41 - debug: scene:(onBeforeBuild) in 26 ms ✓, progress: 4%
2024-4-24 14:34:41 - debug: Start lock asset db..., progress: 4%
2024-4-24 14:34:41 - log: Asset DB is paused with build!
2024-4-24 14:34:41 - debug: Query all assets info in project
2024-4-24 14:34:41 - debug: init custom config: keepNodeUuid: false, useCache: true
2024-4-24 14:34:41 - debug:   Number of all scenes: 1
2024-4-24 14:34:41 - debug:   Number of all scripts: 7
2024-4-24 14:34:41 - debug:   Number of other assets: 394
2024-4-24 14:34:41 - debug: web-desktop:(onAfterInit) start..., progress: 4%
2024-4-24 14:34:41 - debug: // ---- build task web-desktop：onAfterInit ----
2024-4-24 14:34:41 - debug: // ---- build task web-desktop：onAfterInit ---- (14ms)
2024-4-24 14:34:41 - debug: web-desktop:(onAfterInit) in 14 ms ✓, progress: 7%
2024-4-24 14:34:41 - debug: cocos-service:(onAfterInit) start..., progress: 7%
2024-4-24 14:34:41 - debug: // ---- build task cocos-service：onAfterInit ----
2024-4-24 14:34:42 - debug: // ---- build task cocos-service：onAfterInit ---- (260ms)
2024-4-24 14:34:42 - debug: cocos-service:(onAfterInit) in 260 ms ✓, progress: 9%
2024-4-24 14:34:42 - debug: engine:(onAfterInit) start..., progress: 9%
2024-4-24 14:34:42 - debug: // ---- build task engine：onAfterInit ----
2024-4-24 14:34:42 - debug: // ---- build task engine：onAfterInit ---- (71ms)
2024-4-24 14:34:42 - debug: engine:(onAfterInit) in 71 ms ✓, progress: 11%
2024-4-24 14:34:42 - debug: adsense-h5g-plugin:(onBeforeBundleInit) start..., progress: 11%
2024-4-24 14:34:42 - debug: // ---- build task adsense-h5g-plugin：onBeforeBundleInit ----
2024-4-24 14:34:42 - debug: [adsense-h5g-plugin] remove script success
2024-4-24 14:34:42 - debug: // ---- build task adsense-h5g-plugin：onBeforeBundleInit ---- (32ms)
2024-4-24 14:34:42 - debug: adsense-h5g-plugin:(onBeforeBundleInit) in 32 ms ✓, progress: 11%
2024-4-24 14:34:42 - debug: Init all bundles start..., progress: 11%
2024-4-24 14:34:42 - debug: Num of bundles: 3..., progress: 11%
2024-4-24 14:34:42 - debug: reload all scripts.
2024-4-24 14:34:42 - debug: Set detail map pack:///resolution-detail-map.json: {}
2024-4-24 14:34:42 - groupCollapsed: Invalidate all modules
2024-4-24 14:34:42 - debug: Unregister DebugViewRuntimeControl
2024-4-24 14:34:42 - debug: Unregister EnemyController
2024-4-24 14:34:42 - debug: Unregister BulletController
2024-4-24 14:34:42 - debug: Unregister GameController
2024-4-24 14:34:42 - debug: Unregister BgController
2024-4-24 14:34:42 - debug: Unregister EnemyManager
2024-4-24 14:34:42 - debug: Unregister PlayerController
2024-4-24 14:34:42 - debug: Invalidating 'pack:///chunks/93/93ba276ea7b26ffcdc433fab14afc1ed6f05647b.js'
2024-4-24 14:34:42 - debug: Invalidating 'pack:///chunks/6d/6d8fd2b0177941b032ddc0733af48a561fb60657.js'
2024-4-24 14:34:42 - debug: Invalidating 'pack:///chunks/47/47a1530b86f8dba752d13f037cd555503db82c41.js'
2024-4-24 14:34:42 - debug: Invalidating 'pack:///chunks/fd/fd80061ad4be141ec483ee176e53c35041d84473.js'
2024-4-24 14:34:42 - debug: Invalidating 'pack:///chunks/6a/6a5019a719a9014c047e67aa1cf34453ab8392ce.js'
2024-4-24 14:34:42 - debug: Invalidating 'pack:///chunks/c6/c6edd1580601d1dabc570b90b190fc14d44a264e.js'
2024-4-24 14:34:42 - debug: Invalidating 'pack:///chunks/5b/5bcbafd60626b1d189abaaf2b17ea26fc973449a.js'
2024-4-24 14:34:42 - debug: Invalidating 'pack:///chunks/96/9640676adc2a59df7710ea588078999c64fcf06f.js'
2024-4-24 14:34:42 - debug: Invalidating 'pack:///chunks/a5/a5b106bb04981615ce91eb6366f1312f3cbefd34.js'
2024-4-24 14:34:42 - debug: Invalidating 'pack:///chunks/1d/1d7d749328db2cb13c19d156484659f2824f22e4.js'
2024-4-24 14:34:42 - groupEnd: Invalidate all modules
2024-4-24 14:34:42 - groupCollapsed: Imports all modules
2024-4-24 14:34:42 - debug: [[Executor]] Module "pack:///chunks/93/93ba276ea7b26ffcdc433fab14afc1ed6f05647b.js" loaded.
2024-4-24 14:34:42 - debug: [[Executor]] Module "pack:///chunks/6d/6d8fd2b0177941b032ddc0733af48a561fb60657.js" loaded.
2024-4-24 14:34:42 - debug: [[Executor]] Register DebugViewRuntimeControl
2024-4-24 14:34:42 - debug: [[Executor]] Module "pack:///chunks/47/47a1530b86f8dba752d13f037cd555503db82c41.js" loaded.
2024-4-24 14:34:42 - debug: [[Executor]] Module "pack:///chunks/6a/6a5019a719a9014c047e67aa1cf34453ab8392ce.js" loaded.
2024-4-24 14:34:42 - debug: [[Executor]] Register EnemyController
2024-4-24 14:34:42 - debug: [[Executor]] Module "pack:///chunks/c6/c6edd1580601d1dabc570b90b190fc14d44a264e.js" loaded.
2024-4-24 14:34:42 - debug: [[Executor]] Register BulletController
2024-4-24 14:34:42 - debug: [[Executor]] Module "pack:///chunks/5b/5bcbafd60626b1d189abaaf2b17ea26fc973449a.js" loaded.
2024-4-24 14:34:42 - debug: [[Executor]] Register GameController
2024-4-24 14:34:42 - debug: [[Executor]] Module "pack:///chunks/96/9640676adc2a59df7710ea588078999c64fcf06f.js" loaded.
2024-4-24 14:34:42 - debug: [[Executor]] Register BgController
2024-4-24 14:34:42 - debug: [[Executor]] Module "pack:///chunks/fd/fd80061ad4be141ec483ee176e53c35041d84473.js" loaded.
2024-4-24 14:34:42 - debug: [[Executor]] Register EnemyManager
2024-4-24 14:34:42 - debug: [[Executor]] Module "pack:///chunks/a5/a5b106bb04981615ce91eb6366f1312f3cbefd34.js" loaded.
2024-4-24 14:34:42 - debug: [[Executor]] Register PlayerController
2024-4-24 14:34:42 - debug: [[Executor]] Module "pack:///chunks/1d/1d7d749328db2cb13c19d156484659f2824f22e4.js" loaded.
2024-4-24 14:34:42 - debug: [[Executor]] Module "pack:///chunks/6d/6d8fd2b0177941b032ddc0733af48a561fb60657.js" loaded.
2024-4-24 14:34:42 - groupEnd: Imports all modules
2024-4-24 14:34:42 - debug: Incremental keys: 
2024-4-24 14:34:42 - debug: web-desktop:(onAfterBundleInit) start..., progress: 11%
2024-4-24 14:34:42 - debug: // ---- build task web-desktop：onAfterBundleInit ----
2024-4-24 14:34:42 - debug: // ---- build task web-desktop：onAfterBundleInit ---- (30ms)
2024-4-24 14:34:42 - debug: web-desktop:(onAfterBundleInit) in 30 ms ✓, progress: 11%
2024-4-24 14:34:42 - debug: 查询 Asset Bundle start, progress: 11%
2024-4-24 14:34:42 - debug: // ---- build task 查询 Asset Bundle ----
2024-4-24 14:34:42 - debug: Init bundle root assets start..., progress: 11%
2024-4-24 14:34:42 - debug: Query preload assets from cc.config.json: 60f7195c-ec2a-45eb-ba94-8955f60e81d0,1c02ae6f-4492-4915-b8f8-7492a3b1e4cd,810e96e4-e456-4468-9b59-f4e8f39732c0,efe8e2a3-eace-427b-b4f1-cb8a937ec77d,e9aa9a3e-5b2b-4ac7-a2c7-073de2b2b24f,8bbdbcdd-5cd4-4100-b6d5-b7c9625b6107,50f4348b-c883-4e2f-8f11-ce233b859fa1,fda095cb-831d-4601-ad94-846013963de8,f92806d7-1768-443f-afe8-12bcde84d0f0,dd3a144d-ab7f-41f0-82b8-2e43a090d496,f0416e68-0200-4b77-a926-4f9d16e494da,970b0598-bcb0-4714-91fb-2e81440dccd8,bcd64cc6-2dd9-43f6-abbe-66318d332032,d930590d-bb92-4cc8-8bd1-23cd027f9edf,a3cd009f-0ab0-420d-9278-b9fdab939bbc,c27215d8-6835-4b68-bfbb-bdeac6100c04,b5d6115f-0370-4d7c-aad3-c194cc71cf98,871c3b6c-7379-419d-bda3-794b239ab90d
2024-4-24 14:34:42 - debug: Init bundle root assets success..., progress: 11%
2024-4-24 14:34:42 - debug: Init bundle share assets start..., progress: 11%
2024-4-24 14:34:42 - debug: Init bundle share assets success..., progress: 11%
2024-4-24 14:34:42 - debug: handle json group in bundle internal
2024-4-24 14:34:42 - debug: handle json group in bundle internal success
2024-4-24 14:34:42 - debug: handle json group in bundle resources
2024-4-24 14:34:42 - debug: handle json group in bundle main
2024-4-24 14:34:42 - debug: init image compress task 0 in bundle internal
2024-4-24 14:34:42 - debug: handle json group in bundle main success
2024-4-24 14:34:42 - debug: init image compress task 0 in bundle main
2024-4-24 14:34:42 - debug: handle json group in bundle resources success
2024-4-24 14:34:42 - debug: init image compress task 0 in bundle resources
2024-4-24 14:34:42 - debug: // ---- build task 查询 Asset Bundle ---- (87ms)
2024-4-24 14:34:42 - debug: run build task 查询 Asset Bundle success in 87 ms√, progress: 16%
2024-4-24 14:34:42 - debug: [Build Memory track]: 查询 Asset Bundle start:209.49MB, end 210.97MB, increase: 1.48MB
2024-4-24 14:34:42 - debug: 查询 Asset Bundle start, progress: 16%
2024-4-24 14:34:42 - debug: // ---- build task 查询 Asset Bundle ----
2024-4-24 14:34:42 - debug: // ---- build task 查询 Asset Bundle ---- (56ms)
2024-4-24 14:34:42 - debug: run build task 查询 Asset Bundle success in 56 ms√, progress: 21%
2024-4-24 14:34:42 - debug: [Build Memory track]: 查询 Asset Bundle start:210.98MB, end 211.12MB, increase: 141.34KB
2024-4-24 14:34:42 - debug: web-desktop:(onAfterBundleDataTask) start..., progress: 21%
2024-4-24 14:34:42 - debug: // ---- build task web-desktop：onAfterBundleDataTask ----
2024-4-24 14:34:42 - debug: // ---- build task web-desktop：onAfterBundleDataTask ---- (27ms)
2024-4-24 14:34:42 - debug: web-desktop:(onAfterBundleDataTask) in 27 ms ✓, progress: 21%
2024-4-24 14:34:42 - debug: 打包脚本 start, progress: 21%
2024-4-24 14:34:42 - debug: // ---- build task 打包脚本 ----
2024-4-24 14:34:44 - debug: Generate systemJs..., progress: 21%
2024-4-24 14:34:46 - debug: 构建项目脚本 start..., progress: 21%
2024-4-24 14:34:46 - debug: Build script in bundle start, progress: 21%
2024-4-24 14:34:47 - log: Run build task(build-script) in child, see: chrome://inspect/#devices
2024-4-24 14:34:47 - log: [build-script]enter sub process 20430, /Applications/Cocos/Creator/3.8.2/CocosCreator.app/Contents/Frameworks/CocosCreator Helper (Renderer).app/Contents/MacOS/CocosCreator Helper (Renderer),/Applications/Cocos/Creator/3.8.2/CocosCreator.app/Contents/Resources/app.asar/builtin/builder/static/sub-process-index
2024-4-24 14:34:49 - debug: excute-script over with build-script 2255ms
2024-4-24 14:34:49 - debug: Copy externalScripts success!
2024-4-24 14:34:49 - debug: Build script in bundle success, progress: 21%
2024-4-24 14:34:49 - debug: 构建项目脚本 in (2600 ms) √, progress: 21%
2024-4-24 14:34:49 - debug: 构建引擎脚本 start..., progress: 21%
2024-4-24 14:34:49 - debug: Use cache engine: {link(/var/folders/qx/2_7r2zdn6nb64800t9837jtr0000gn/T/CocosCreator/3.8.2/builder/engine/bcae0dd6cb906f3d6c7420a7b5f36291)}
2024-4-24 14:34:49 - debug: {"debug":false,"sourceMaps":false,"includeModules":["2d","animation","audio","base","dragon-bones","gfx-webgl","gfx-webgl2","intersection-2d","particle-2d","physics-2d-box2d","profiler","spine","tiled-map","tween","ui","video","webview"],"engineVersion":"3.8.2","md5Map":[],"engineName":"cocos-js","platform":"HTML5","useCache":true,"isNative":false,"ammoJsWasm":"fallback","assetURLFormat":"runtime-resolved","output":"/Users/wangyifeng1/AircraftBattle/build/web-desktop/cocos-js","flags":{"DEBUG":false,"WASM_FALLBACK":true,"CULL_ASM_JS_MODULE":false,"CULL_MESHOPT":true},"entry":"/Applications/Cocos/Creator/3.8.2/CocosCreator.app/Contents/Resources/resources/3d/engine"}
2024-4-24 14:34:49 - debug: 构建引擎脚本 in (80 ms) √, progress: 21%
2024-4-24 14:34:49 - debug: Copy plugin script ..., progress: 21%
2024-4-24 14:34:49 - debug: Generate import-map..., progress: 21%
2024-4-24 14:34:49 - debug: // ---- build task 打包脚本 ---- (7286ms)
2024-4-24 14:34:49 - debug: run build task 打包脚本 success in 7 s√, progress: 26%
2024-4-24 14:34:49 - debug: [Build Memory track]: 打包脚本 start:211.38MB, end 258.91MB, increase: 47.53MB
2024-4-24 14:34:49 - debug: Build Assets start, progress: 26%
2024-4-24 14:34:49 - debug: // ---- build task Build Assets ----
2024-4-24 14:34:49 - debug: Build bundles..., progress: 26%
2024-4-24 14:34:49 - debug: Pack Images start, progress: 26%
2024-4-24 14:34:49 - debug: builder:pack-auto-atlas-image (62ms)
2024-4-24 14:34:49 - debug: Pack Images success, progress: 26%
2024-4-24 14:34:49 - debug: Compress image start..., progress: 26%
2024-4-24 14:34:49 - group: Compress image...
2024-4-24 14:34:49 - debug: sort compress task {}
2024-4-24 14:34:49 - debug: Num of all image compress task 0, really: 0, configTasks: 0
2024-4-24 14:34:49 - debug: No image need to compress
2024-4-24 14:34:49 - groupEnd: Compress image...
2024-4-24 14:34:49 - debug: Compress image success..., progress: 26%
2024-4-24 14:34:49 - debug: Ouput asset in bundles start, progress: 26%
2024-4-24 14:34:49 - debug: Handle all json groups in bundle internal
2024-4-24 14:34:49 - debug: handle json group
2024-4-24 14:34:49 - debug: Handle all json groups in bundle resources
2024-4-24 14:34:49 - debug: handle json group
2024-4-24 14:34:49 - debug: Handle all json groups in bundle main
2024-4-24 14:34:49 - debug: handle json group
2024-4-24 14:34:49 - debug: handle single json
2024-4-24 14:34:49 - debug: Json group(0770d7650) compile success，json number: 6
2024-4-24 14:34:49 - debug: handle single json
2024-4-24 14:34:49 - debug: Json group(0ca60d3e4) compile success，json number: 6
2024-4-24 14:34:49 - debug: handle single json
2024-4-24 14:34:49 - debug: Output asset in bundles success, progress: 26%
2024-4-24 14:34:49 - debug: // ---- build task Build Assets ---- (219ms)
2024-4-24 14:34:49 - debug: run build task Build Assets success in 219 ms√, progress: 31%
2024-4-24 14:34:49 - debug: [Build Memory track]: Build Assets start:258.92MB, end 255.15MB, increase: -3860.77KB
2024-4-24 14:34:49 - debug: 给所有的资源加上 MD5 后缀 start, progress: 31%
2024-4-24 14:34:49 - debug: // ---- build task 给所有的资源加上 MD5 后缀 ----
2024-4-24 14:34:49 - debug: // ---- build task 给所有的资源加上 MD5 后缀 ---- (21ms)
2024-4-24 14:34:49 - debug: run build task 给所有的资源加上 MD5 后缀 success in 21 ms√, progress: 36%
2024-4-24 14:34:49 - debug: [Build Memory track]: 给所有的资源加上 MD5 后缀 start:255.22MB, end 255.35MB, increase: 139.80KB
2024-4-24 14:34:49 - debug: 查询 Asset Bundle start, progress: 36%
2024-4-24 14:34:49 - debug: // ---- build task 查询 Asset Bundle ----
2024-4-24 14:34:49 - debug: Output asset in bundles start, progress: 36%
2024-4-24 14:34:49 - debug: compress config of bundle internal...
2024-4-24 14:34:49 - debug: compress config of bundle internal success
2024-4-24 14:34:49 - debug: compress config of bundle resources...
2024-4-24 14:34:49 - debug: compress config of bundle resources success
2024-4-24 14:34:49 - debug: compress config of bundle main...
2024-4-24 14:34:49 - debug: compress config of bundle main success
2024-4-24 14:34:49 - debug: ouput config of bundle internal
2024-4-24 14:34:49 - debug: output config of bundle internal success
2024-4-24 14:34:49 - debug: ouput config of bundle resources
2024-4-24 14:34:49 - debug: output config of bundle resources success
2024-4-24 14:34:49 - debug: ouput config of bundle main
2024-4-24 14:34:49 - debug: output config of bundle main success
2024-4-24 14:34:49 - debug: Output asset in bundles success, progress: 36%
2024-4-24 14:34:49 - debug: // ---- build task 查询 Asset Bundle ---- (43ms)
2024-4-24 14:34:49 - debug: run build task 查询 Asset Bundle success in 43 ms√, progress: 41%
2024-4-24 14:34:49 - debug: [Build Memory track]: 查询 Asset Bundle start:255.36MB, end 255.85MB, increase: 498.01KB
2024-4-24 14:34:49 - debug: 整理部分构建选项内数据到 settings.json start, progress: 41%
2024-4-24 14:34:49 - debug: // ---- build task 整理部分构建选项内数据到 settings.json ----
2024-4-24 14:34:49 - debug: // ---- build task 整理部分构建选项内数据到 settings.json ---- (20ms)
2024-4-24 14:34:49 - debug: run build task 整理部分构建选项内数据到 settings.json success in 20 ms√, progress: 43%
2024-4-24 14:34:49 - debug: [Build Memory track]: 整理部分构建选项内数据到 settings.json start:255.86MB, end 256.02MB, increase: 164.95KB
2024-4-24 14:34:49 - debug: 填充脚本数据到 settings.json start, progress: 43%
2024-4-24 14:34:49 - debug: // ---- build task 填充脚本数据到 settings.json ----
2024-4-24 14:34:49 - debug: // ---- build task 填充脚本数据到 settings.json ---- (19ms)
2024-4-24 14:34:49 - debug: run build task 填充脚本数据到 settings.json success in 19 ms√, progress: 44%
2024-4-24 14:34:49 - debug: [Build Memory track]: 填充脚本数据到 settings.json start:256.03MB, end 256.17MB, increase: 139.11KB
2024-4-24 14:34:49 - debug: 整理部分构建选项内数据到 settings.json start, progress: 44%
2024-4-24 14:34:49 - debug: // ---- build task 整理部分构建选项内数据到 settings.json ----
2024-4-24 14:34:50 - debug: // ---- build task 整理部分构建选项内数据到 settings.json ---- (36ms)
2024-4-24 14:34:50 - debug: run build task 整理部分构建选项内数据到 settings.json success in 36 ms√, progress: 46%
2024-4-24 14:34:50 - debug: [Build Memory track]: 整理部分构建选项内数据到 settings.json start:256.18MB, end 256.43MB, increase: 257.25KB
2024-4-24 14:34:50 - debug: web-desktop:(onBeforeCompressSettings) start..., progress: 46%
2024-4-24 14:34:50 - debug: // ---- build task web-desktop：onBeforeCompressSettings ----
2024-4-24 14:34:50 - debug: // ---- build task web-desktop：onBeforeCompressSettings ---- (21ms)
2024-4-24 14:34:50 - debug: web-desktop:(onBeforeCompressSettings) in 21 ms ✓, progress: 48%
2024-4-24 14:34:50 - debug: cocos-service:(onBeforeCompressSettings) start..., progress: 48%
2024-4-24 14:34:50 - debug: // ---- build task cocos-service：onBeforeCompressSettings ----
2024-4-24 14:34:50 - debug: // ---- build task cocos-service：onBeforeCompressSettings ---- (268ms)
2024-4-24 14:34:50 - debug: cocos-service:(onBeforeCompressSettings) in 268 ms ✓, progress: 51%
2024-4-24 14:34:50 - debug: 保存 settings.json start, progress: 51%
2024-4-24 14:34:50 - debug: // ---- build task 保存 settings.json ----
2024-4-24 14:34:50 - debug: // ---- build task 保存 settings.json ---- (114ms)
2024-4-24 14:34:50 - debug: run build task 保存 settings.json success in 114 ms√, progress: 53%
2024-4-24 14:34:50 - debug: [Build Memory track]: 保存 settings.json start:256.76MB, end 256.95MB, increase: 192.52KB
2024-4-24 14:34:50 - debug: 整理静态模板文件 start, progress: 53%
2024-4-24 14:34:50 - debug: // ---- build task 整理静态模板文件 ----
2024-4-24 14:34:50 - debug: // ---- build task 整理静态模板文件 ---- (38ms)
2024-4-24 14:34:50 - debug: run build task 整理静态模板文件 success in 38 ms√, progress: 56%
2024-4-24 14:34:50 - debug: [Build Memory track]: 整理静态模板文件 start:256.96MB, end 260.12MB, increase: 3.16MB
2024-4-24 14:34:50 - debug: cocos-service:(onAfterCompressSettings) start..., progress: 56%
2024-4-24 14:34:50 - debug: // ---- build task cocos-service：onAfterCompressSettings ----
2024-4-24 14:34:50 - debug: // ---- build task cocos-service：onAfterCompressSettings ---- (251ms)
2024-4-24 14:34:50 - debug: cocos-service:(onAfterCompressSettings) in 251 ms ✓, progress: 58%
2024-4-24 14:34:50 - debug: web-desktop:(onAfterBuild) start..., progress: 58%
2024-4-24 14:34:50 - debug: // ---- build task web-desktop：onAfterBuild ----
2024-4-24 14:34:50 - debug: // ---- build task web-desktop：onAfterBuild ---- (37ms)
2024-4-24 14:34:50 - debug: web-desktop:(onAfterBuild) in 37 ms ✓, progress: 60%
2024-4-24 14:34:50 - debug: cocos-service:(onAfterBuild) start..., progress: 60%
2024-4-24 14:34:50 - debug: // ---- build task cocos-service：onAfterBuild ----
2024-4-24 14:34:51 - debug: // ---- build task cocos-service：onAfterBuild ---- (525ms)
2024-4-24 14:34:51 - debug: cocos-service:(onAfterBuild) in 525 ms ✓, progress: 62%
2024-4-24 14:34:51 - debug: adsense-h5g-plugin:(onAfterBuild) start..., progress: 62%
2024-4-24 14:34:51 - debug: // ---- build task adsense-h5g-plugin：onAfterBuild ----
2024-4-24 14:34:51 - debug: // ---- build task adsense-h5g-plugin：onAfterBuild ---- (56ms)
2024-4-24 14:34:51 - debug: adsense-h5g-plugin:(onAfterBuild) in 56 ms ✓, progress: 64%
2024-4-24 14:34:51 - log: Asset DB is resume!
2024-4-24 14:34:51 - debug: builder:build-project-total (10271ms)
2024-4-24 14:34:51 - debug: build success in 10271!
2024-4-24 14:34:51 - debug: [Build Memory track]: builder:build-project-total start:208.60MB, end 257.01MB, increase: 48.41MB
2024-4-24 14:34:51 - debug: ================================ build Task (web-desktop) Finished in (10 s)ms ================================
2024-4-24 14:35:22 - debug: // ---- builder:run-build-stage-run ----
2024-4-24 14:35:22 - log: [task:run]: init options success, 10%
2024-4-24 14:35:22 - log: [task:run]: web-desktop:(run) start..., 10%
2024-4-24 14:35:22 - debug: // ---- build task web-desktop：run ----
2024-4-24 14:35:23 - debug: // ---- build task web-desktop：run ---- (83ms)
2024-4-24 14:35:23 - log: [task:run]: web-desktop:(run) in 83 ms ✓, 23.333333333333332%
2024-4-24 14:35:23 - debug: // ---- builder:run-build-stage-run ---- (117ms)
2024-4-24 14:35:23 - debug: [Build Memory track]: builder:build-stage-total run start:256.91MB, end 257.22MB, increase: 321.92KB
2024-4-24 14:35:23 - log: [task:run]: success!
