16:52:43 debug: 2024/5/31下午4:52:43
16:52:43 debug: Project: /Users/wangyifeng1/Desktop/simpleaircraftbattle
16:52:43 debug: Targets: editor,preview
16:52:43 debug: Incremental file seems great.
16:52:43 debug: Engine path: /Applications/Cocos/Creator/3.8.2/CocosCreator.app/Contents/Resources/resources/3d/engine
16:52:43 debug: Initializing target [Editor]
16:52:43 debug: Loading cache
16:52:44 debug: Loading cache costs 6.569208025932312ms.
16:52:44 debug: Engine features shipped in editor: base,gfx-webgl,gfx-webgl2,gfx-empty,3d,animation,skeletal-animation,2d,ui,particle,particle-2d,physics-framework,physics-2d-framework,physics-2d-box2d-wasm,intersection-2d,primitive,profiler,occlusion-query,geometry-renderer,debug-renderer,audio,video,xr,light-probe,terrain,webview,tween,tiled-map,spine,dragon-bones,marionette,procedural-animation,custom-pipeline,websocket,websocket-server
16:52:44 debug: Our import map(foo:/bar): {
  "imports": {
    "cc": "cce:/internal/x/cc"
  }
}
16:52:44 debug: Initializing target [Preview]
16:52:44 debug: Loading cache
16:52:44 debug: Loading cache costs 9.480166018009186ms.
16:52:44 debug: Our import map(foo:/bar): {
  "imports": {
    "cc": "cce:/internal/x/cc"
  }
}
16:52:44 debug: Sync engine features: 2d,animation,audio,base,dragon-bones,gfx-webgl,gfx-webgl2,intersection-2d,particle-2d,physics-2d-box2d,profiler,spine,tiled-map,tween,ui,video,webview
16:52:44 debug: Reset databases. Enumerated domains: [
  {
    "root": "db://internal/",
    "physical": "/Applications/Cocos/Creator/3.8.2/CocosCreator.app/Contents/Resources/resources/3d/engine/editor/assets"
  },
  {
    "root": "db://assets/",
    "physical": "/Users/wangyifeng1/Desktop/simpleaircraftbattle/assets"
  }
]
16:52:44 debug: Our import map(foo:/bar): {
  "imports": {
    "cc": "cce:/internal/x/cc",
    "db://internal/": "file:///Applications/Cocos/Creator/3.8.2/CocosCreator.app/Contents/Resources/resources/3d/engine/editor/assets/",
    "db://assets/": "file:///Users/wangyifeng1/Desktop/simpleaircraftbattle/assets/"
  }
}
16:52:44 debug: Our import map(foo:/bar): {
  "imports": {
    "cc": "cce:/internal/x/cc",
    "db://internal/": "file:///Applications/Cocos/Creator/3.8.2/CocosCreator.app/Contents/Resources/resources/3d/engine/editor/assets/",
    "db://assets/": "file:///Users/wangyifeng1/Desktop/simpleaircraftbattle/assets/"
  }
}
16:52:44 debug: Pulling asset-db.
16:52:44 debug: Fetch asset-db cost: 5.9969159960746765ms.
16:52:44 debug: Build iteration starts.
Number of accumulated asset changes: 7
Feature changed: false
16:52:44 debug: Target(editor) build started.
16:52:44 debug: Detected change: cce:/internal/x/cc. Last mtime: Thu Jan 01 1970 08:00:27 GMT+0800 (中国标准时间), Current mtime: Thu Jan 01 1970 08:00:12 GMT+0800 (中国标准时间)
16:52:44 debug: Inspect cce:/internal/x/cc
16:52:44 debug: Resolve cce:/internal/x/cc-fu/base from cce:/internal/x/cc as external dependency cce:/internal/x/cc-fu/base.
16:52:44 debug: Resolve cce:/internal/x/cc-fu/gfx-webgl from cce:/internal/x/cc as external dependency cce:/internal/x/cc-fu/gfx-webgl.
16:52:44 debug: Resolve cce:/internal/x/cc-fu/gfx-webgl2 from cce:/internal/x/cc as external dependency cce:/internal/x/cc-fu/gfx-webgl2.
16:52:44 debug: Resolve cce:/internal/x/cc-fu/gfx-empty from cce:/internal/x/cc as external dependency cce:/internal/x/cc-fu/gfx-empty.
16:52:44 debug: Resolve cce:/internal/x/cc-fu/3d from cce:/internal/x/cc as external dependency cce:/internal/x/cc-fu/3d.
16:52:44 debug: Resolve cce:/internal/x/cc-fu/animation from cce:/internal/x/cc as external dependency cce:/internal/x/cc-fu/animation.
16:52:44 debug: Resolve cce:/internal/x/cc-fu/skeletal-animation from cce:/internal/x/cc as external dependency cce:/internal/x/cc-fu/skeletal-animation.
16:52:44 debug: Resolve cce:/internal/x/cc-fu/2d from cce:/internal/x/cc as external dependency cce:/internal/x/cc-fu/2d.
16:52:44 debug: Resolve cce:/internal/x/cc-fu/sorting from cce:/internal/x/cc as external dependency cce:/internal/x/cc-fu/sorting.
16:52:44 debug: Resolve cce:/internal/x/cc-fu/ui from cce:/internal/x/cc as external dependency cce:/internal/x/cc-fu/ui.
16:52:44 debug: Resolve cce:/internal/x/cc-fu/particle from cce:/internal/x/cc as external dependency cce:/internal/x/cc-fu/particle.
16:52:44 debug: Resolve cce:/internal/x/cc-fu/particle-2d from cce:/internal/x/cc as external dependency cce:/internal/x/cc-fu/particle-2d.
16:52:44 debug: Resolve cce:/internal/x/cc-fu/physics-framework from cce:/internal/x/cc as external dependency cce:/internal/x/cc-fu/physics-framework.
16:52:44 debug: Resolve cce:/internal/x/cc-fu/physics-2d-framework from cce:/internal/x/cc as external dependency cce:/internal/x/cc-fu/physics-2d-framework.
16:52:44 debug: Resolve cce:/internal/x/cc-fu/physics-2d-box2d-wasm from cce:/internal/x/cc as external dependency cce:/internal/x/cc-fu/physics-2d-box2d-wasm.
16:52:44 debug: Resolve cce:/internal/x/cc-fu/intersection-2d from cce:/internal/x/cc as external dependency cce:/internal/x/cc-fu/intersection-2d.
16:52:44 debug: Resolve cce:/internal/x/cc-fu/primitive from cce:/internal/x/cc as external dependency cce:/internal/x/cc-fu/primitive.
16:52:44 debug: Resolve cce:/internal/x/cc-fu/profiler from cce:/internal/x/cc as external dependency cce:/internal/x/cc-fu/profiler.
16:52:44 debug: Resolve cce:/internal/x/cc-fu/geometry-renderer from cce:/internal/x/cc as external dependency cce:/internal/x/cc-fu/geometry-renderer.
16:52:44 debug: Resolve cce:/internal/x/cc-fu/audio from cce:/internal/x/cc as external dependency cce:/internal/x/cc-fu/audio.
16:52:44 debug: Resolve cce:/internal/x/cc-fu/video from cce:/internal/x/cc as external dependency cce:/internal/x/cc-fu/video.
16:52:44 debug: Resolve cce:/internal/x/cc-fu/xr from cce:/internal/x/cc as external dependency cce:/internal/x/cc-fu/xr.
16:52:44 debug: Resolve cce:/internal/x/cc-fu/light-probe from cce:/internal/x/cc as external dependency cce:/internal/x/cc-fu/light-probe.
16:52:44 debug: Resolve cce:/internal/x/cc-fu/terrain from cce:/internal/x/cc as external dependency cce:/internal/x/cc-fu/terrain.
16:52:44 debug: Resolve cce:/internal/x/cc-fu/webview from cce:/internal/x/cc as external dependency cce:/internal/x/cc-fu/webview.
16:52:44 debug: Resolve cce:/internal/x/cc-fu/tween from cce:/internal/x/cc as external dependency cce:/internal/x/cc-fu/tween.
16:52:44 debug: Resolve cce:/internal/x/cc-fu/tiled-map from cce:/internal/x/cc as external dependency cce:/internal/x/cc-fu/tiled-map.
16:52:44 debug: Resolve cce:/internal/x/cc-fu/spine from cce:/internal/x/cc as external dependency cce:/internal/x/cc-fu/spine.
16:52:44 debug: Resolve cce:/internal/x/cc-fu/dragon-bones from cce:/internal/x/cc as external dependency cce:/internal/x/cc-fu/dragon-bones.
16:52:44 debug: Resolve cce:/internal/x/cc-fu/custom-pipeline from cce:/internal/x/cc as external dependency cce:/internal/x/cc-fu/custom-pipeline.
16:52:44 debug: Detected change: cce:/internal/x/prerequisite-imports. Last mtime: Thu Jan 01 1970 08:00:30 GMT+0800 (中国标准时间), Current mtime: Thu Jan 01 1970 08:00:12 GMT+0800 (中国标准时间)
16:52:44 debug: Inspect cce:/internal/x/prerequisite-imports
16:52:44 debug: Resolve file:///Applications/Cocos/Creator/3.8.2/CocosCreator.app/Contents/Resources/resources/3d/engine/editor/assets/tools/debug-view-runtime-control.ts from cce:/internal/x/prerequisite-imports as file:///Applications/Cocos/Creator/3.8.2/CocosCreator.app/Contents/Resources/resources/3d/engine/editor/assets/tools/debug-view-runtime-control.ts.
16:52:44 debug: Resolve cc from file:///Applications/Cocos/Creator/3.8.2/CocosCreator.app/Contents/Resources/resources/3d/engine/editor/assets/tools/debug-view-runtime-control.ts as cce:/internal/x/cc.
16:52:44 debug: Resolve cc from file:///Applications/Cocos/Creator/3.8.2/CocosCreator.app/Contents/Resources/resources/3d/engine/editor/assets/tools/debug-view-runtime-control.ts as cce:/internal/x/cc.
16:52:44 debug: Resolve cc from file:///Applications/Cocos/Creator/3.8.2/CocosCreator.app/Contents/Resources/resources/3d/engine/editor/assets/tools/debug-view-runtime-control.ts as cce:/internal/x/cc.
16:52:44 debug: Resolve file:///Users/wangyifeng1/Desktop/simpleaircraftbattle/assets/script/BgController.ts from cce:/internal/x/prerequisite-imports as file:///Users/wangyifeng1/Desktop/simpleaircraftbattle/assets/script/BgController.ts.
16:52:44 debug: Inspect file:///Users/wangyifeng1/Desktop/simpleaircraftbattle/assets/script/BgController.ts
16:52:44 debug: Resolve cce:/internal/code-quality/cr.mjs from file:///Users/wangyifeng1/Desktop/simpleaircraftbattle/assets/script/BgController.ts as cce:/internal/code-quality/cr.mjs.
16:52:44 debug: Detected change: cce:/internal/code-quality/cr.mjs. Last mtime: Fri May 31 2024 15:06:20 GMT+0800 (中国标准时间), Current mtime: Fri May 31 2024 16:52:31 GMT+0800 (中国标准时间)
16:52:44 debug: Inspect cce:/internal/code-quality/cr.mjs
16:52:44 debug: Resolve cc from file:///Users/wangyifeng1/Desktop/simpleaircraftbattle/assets/script/BgController.ts as cce:/internal/x/cc.
16:52:44 debug: Resolve cc from file:///Users/wangyifeng1/Desktop/simpleaircraftbattle/assets/script/BgController.ts as cce:/internal/x/cc.
16:52:44 debug: Resolve cc from file:///Users/wangyifeng1/Desktop/simpleaircraftbattle/assets/script/BgController.ts as cce:/internal/x/cc.
16:52:44 debug: Resolve ./EnemyController from file:///Users/wangyifeng1/Desktop/simpleaircraftbattle/assets/script/BgController.ts as file:///Users/wangyifeng1/Desktop/simpleaircraftbattle/assets/script/EnemyController.ts.
16:52:44 debug: Inspect file:///Users/wangyifeng1/Desktop/simpleaircraftbattle/assets/script/EnemyController.ts
16:52:44 debug: Resolve cc from file:///Users/wangyifeng1/Desktop/simpleaircraftbattle/assets/script/EnemyController.ts as cce:/internal/x/cc.
16:52:44 debug: Resolve cc from file:///Users/wangyifeng1/Desktop/simpleaircraftbattle/assets/script/EnemyController.ts as cce:/internal/x/cc.
16:52:44 debug: Resolve cc from file:///Users/wangyifeng1/Desktop/simpleaircraftbattle/assets/script/EnemyController.ts as cce:/internal/x/cc.
16:52:44 debug: Resolve ./BulletController from file:///Users/wangyifeng1/Desktop/simpleaircraftbattle/assets/script/BgController.ts as file:///Users/wangyifeng1/Desktop/simpleaircraftbattle/assets/script/BulletController.ts.
16:52:44 debug: Inspect file:///Users/wangyifeng1/Desktop/simpleaircraftbattle/assets/script/BulletController.ts
16:52:44 debug: Resolve cc from file:///Users/wangyifeng1/Desktop/simpleaircraftbattle/assets/script/BulletController.ts as cce:/internal/x/cc.
16:52:44 debug: Resolve cc from file:///Users/wangyifeng1/Desktop/simpleaircraftbattle/assets/script/BulletController.ts as cce:/internal/x/cc.
16:52:44 debug: Resolve cc from file:///Users/wangyifeng1/Desktop/simpleaircraftbattle/assets/script/BulletController.ts as cce:/internal/x/cc.
16:52:44 debug: Resolve ./GameController from file:///Users/wangyifeng1/Desktop/simpleaircraftbattle/assets/script/BgController.ts as file:///Users/wangyifeng1/Desktop/simpleaircraftbattle/assets/script/GameController.ts.
16:52:44 debug: Inspect file:///Users/wangyifeng1/Desktop/simpleaircraftbattle/assets/script/GameController.ts
16:52:44 debug: Resolve cc from file:///Users/wangyifeng1/Desktop/simpleaircraftbattle/assets/script/GameController.ts as cce:/internal/x/cc.
16:52:44 debug: Resolve cc from file:///Users/wangyifeng1/Desktop/simpleaircraftbattle/assets/script/GameController.ts as cce:/internal/x/cc.
16:52:44 debug: Resolve cc from file:///Users/wangyifeng1/Desktop/simpleaircraftbattle/assets/script/GameController.ts as cce:/internal/x/cc.
16:52:44 debug: Resolve file:///Users/wangyifeng1/Desktop/simpleaircraftbattle/assets/script/BulletController.ts from cce:/internal/x/prerequisite-imports as file:///Users/wangyifeng1/Desktop/simpleaircraftbattle/assets/script/BulletController.ts.
16:52:44 debug: Resolve file:///Users/wangyifeng1/Desktop/simpleaircraftbattle/assets/script/EnemyController.ts from cce:/internal/x/prerequisite-imports as file:///Users/wangyifeng1/Desktop/simpleaircraftbattle/assets/script/EnemyController.ts.
16:52:44 debug: Resolve file:///Users/wangyifeng1/Desktop/simpleaircraftbattle/assets/script/EnemyManager.ts from cce:/internal/x/prerequisite-imports as file:///Users/wangyifeng1/Desktop/simpleaircraftbattle/assets/script/EnemyManager.ts.
16:52:44 debug: Inspect file:///Users/wangyifeng1/Desktop/simpleaircraftbattle/assets/script/EnemyManager.ts
16:52:44 debug: Resolve cc from file:///Users/wangyifeng1/Desktop/simpleaircraftbattle/assets/script/EnemyManager.ts as cce:/internal/x/cc.
16:52:44 debug: Resolve cc from file:///Users/wangyifeng1/Desktop/simpleaircraftbattle/assets/script/EnemyManager.ts as cce:/internal/x/cc.
16:52:44 debug: Resolve cc from file:///Users/wangyifeng1/Desktop/simpleaircraftbattle/assets/script/EnemyManager.ts as cce:/internal/x/cc.
16:52:44 debug: Resolve file:///Users/wangyifeng1/Desktop/simpleaircraftbattle/assets/script/GameController.ts from cce:/internal/x/prerequisite-imports as file:///Users/wangyifeng1/Desktop/simpleaircraftbattle/assets/script/GameController.ts.
16:52:44 debug: Resolve file:///Users/wangyifeng1/Desktop/simpleaircraftbattle/assets/script/PlayerController.ts from cce:/internal/x/prerequisite-imports as file:///Users/wangyifeng1/Desktop/simpleaircraftbattle/assets/script/PlayerController.ts.
16:52:44 debug: Inspect file:///Users/wangyifeng1/Desktop/simpleaircraftbattle/assets/script/PlayerController.ts
16:52:44 debug: Resolve cc from file:///Users/wangyifeng1/Desktop/simpleaircraftbattle/assets/script/PlayerController.ts as cce:/internal/x/cc.
16:52:44 debug: Resolve cc from file:///Users/wangyifeng1/Desktop/simpleaircraftbattle/assets/script/PlayerController.ts as cce:/internal/x/cc.
16:52:44 debug: Resolve cc from file:///Users/wangyifeng1/Desktop/simpleaircraftbattle/assets/script/PlayerController.ts as cce:/internal/x/cc.
16:52:44 debug: Target(editor) ends with cost 372.6337910294533ms.
16:52:44 debug: Target(preview) build started.
16:52:44 debug: Detected change: cce:/internal/x/cc. Last mtime: Thu Jan 01 1970 08:00:27 GMT+0800 (中国标准时间), Current mtime: Thu Jan 01 1970 08:00:12 GMT+0800 (中国标准时间)
16:52:44 debug: Inspect cce:/internal/x/cc
16:52:44 debug: Resolve cce:/internal/x/cc-fu/2d from cce:/internal/x/cc as external dependency cce:/internal/x/cc-fu/2d.
16:52:44 debug: Resolve cce:/internal/x/cc-fu/sorting from cce:/internal/x/cc as external dependency cce:/internal/x/cc-fu/sorting.
16:52:44 debug: Resolve cce:/internal/x/cc-fu/animation from cce:/internal/x/cc as external dependency cce:/internal/x/cc-fu/animation.
16:52:44 debug: Resolve cce:/internal/x/cc-fu/audio from cce:/internal/x/cc as external dependency cce:/internal/x/cc-fu/audio.
16:52:44 debug: Resolve cce:/internal/x/cc-fu/base from cce:/internal/x/cc as external dependency cce:/internal/x/cc-fu/base.
16:52:44 debug: Resolve cce:/internal/x/cc-fu/dragon-bones from cce:/internal/x/cc as external dependency cce:/internal/x/cc-fu/dragon-bones.
16:52:44 debug: Resolve cce:/internal/x/cc-fu/gfx-webgl from cce:/internal/x/cc as external dependency cce:/internal/x/cc-fu/gfx-webgl.
16:52:44 debug: Resolve cce:/internal/x/cc-fu/gfx-webgl2 from cce:/internal/x/cc as external dependency cce:/internal/x/cc-fu/gfx-webgl2.
16:52:44 debug: Resolve cce:/internal/x/cc-fu/intersection-2d from cce:/internal/x/cc as external dependency cce:/internal/x/cc-fu/intersection-2d.
16:52:44 debug: Resolve cce:/internal/x/cc-fu/particle-2d from cce:/internal/x/cc as external dependency cce:/internal/x/cc-fu/particle-2d.
16:52:44 debug: Resolve cce:/internal/x/cc-fu/physics-2d-box2d from cce:/internal/x/cc as external dependency cce:/internal/x/cc-fu/physics-2d-box2d.
16:52:44 debug: Resolve cce:/internal/x/cc-fu/physics-2d-framework from cce:/internal/x/cc as external dependency cce:/internal/x/cc-fu/physics-2d-framework.
16:52:44 debug: Resolve cce:/internal/x/cc-fu/profiler from cce:/internal/x/cc as external dependency cce:/internal/x/cc-fu/profiler.
16:52:44 debug: Resolve cce:/internal/x/cc-fu/spine from cce:/internal/x/cc as external dependency cce:/internal/x/cc-fu/spine.
16:52:44 debug: Resolve cce:/internal/x/cc-fu/tiled-map from cce:/internal/x/cc as external dependency cce:/internal/x/cc-fu/tiled-map.
16:52:44 debug: Resolve cce:/internal/x/cc-fu/tween from cce:/internal/x/cc as external dependency cce:/internal/x/cc-fu/tween.
16:52:44 debug: Resolve cce:/internal/x/cc-fu/ui from cce:/internal/x/cc as external dependency cce:/internal/x/cc-fu/ui.
16:52:44 debug: Resolve cce:/internal/x/cc-fu/video from cce:/internal/x/cc as external dependency cce:/internal/x/cc-fu/video.
16:52:44 debug: Resolve cce:/internal/x/cc-fu/webview from cce:/internal/x/cc as external dependency cce:/internal/x/cc-fu/webview.
16:52:44 debug: Detected change: cce:/internal/x/prerequisite-imports. Last mtime: Thu Jan 01 1970 08:00:30 GMT+0800 (中国标准时间), Current mtime: Thu Jan 01 1970 08:00:12 GMT+0800 (中国标准时间)
16:52:44 debug: Inspect cce:/internal/x/prerequisite-imports
16:52:44 debug: Resolve file:///Applications/Cocos/Creator/3.8.2/CocosCreator.app/Contents/Resources/resources/3d/engine/editor/assets/tools/debug-view-runtime-control.ts from cce:/internal/x/prerequisite-imports as file:///Applications/Cocos/Creator/3.8.2/CocosCreator.app/Contents/Resources/resources/3d/engine/editor/assets/tools/debug-view-runtime-control.ts.
16:52:44 debug: Resolve cc from file:///Applications/Cocos/Creator/3.8.2/CocosCreator.app/Contents/Resources/resources/3d/engine/editor/assets/tools/debug-view-runtime-control.ts as cce:/internal/x/cc.
16:52:44 debug: Resolve cc from file:///Applications/Cocos/Creator/3.8.2/CocosCreator.app/Contents/Resources/resources/3d/engine/editor/assets/tools/debug-view-runtime-control.ts as cce:/internal/x/cc.
16:52:44 debug: Resolve cc from file:///Applications/Cocos/Creator/3.8.2/CocosCreator.app/Contents/Resources/resources/3d/engine/editor/assets/tools/debug-view-runtime-control.ts as cce:/internal/x/cc.
16:52:44 debug: Resolve file:///Users/wangyifeng1/Desktop/simpleaircraftbattle/assets/script/BgController.ts from cce:/internal/x/prerequisite-imports as file:///Users/wangyifeng1/Desktop/simpleaircraftbattle/assets/script/BgController.ts.
16:52:44 debug: Inspect file:///Users/wangyifeng1/Desktop/simpleaircraftbattle/assets/script/BgController.ts
16:52:44 debug: Resolve cce:/internal/code-quality/cr.mjs from file:///Users/wangyifeng1/Desktop/simpleaircraftbattle/assets/script/BgController.ts as cce:/internal/code-quality/cr.mjs.
16:52:44 debug: Detected change: cce:/internal/code-quality/cr.mjs. Last mtime: Fri May 31 2024 15:06:20 GMT+0800 (中国标准时间), Current mtime: Fri May 31 2024 16:52:31 GMT+0800 (中国标准时间)
16:52:44 debug: Inspect cce:/internal/code-quality/cr.mjs
16:52:44 debug: Resolve cc from file:///Users/wangyifeng1/Desktop/simpleaircraftbattle/assets/script/BgController.ts as cce:/internal/x/cc.
16:52:44 debug: Resolve cc from file:///Users/wangyifeng1/Desktop/simpleaircraftbattle/assets/script/BgController.ts as cce:/internal/x/cc.
16:52:44 debug: Resolve cc from file:///Users/wangyifeng1/Desktop/simpleaircraftbattle/assets/script/BgController.ts as cce:/internal/x/cc.
16:52:44 debug: Resolve ./EnemyController from file:///Users/wangyifeng1/Desktop/simpleaircraftbattle/assets/script/BgController.ts as file:///Users/wangyifeng1/Desktop/simpleaircraftbattle/assets/script/EnemyController.ts.
16:52:44 debug: Inspect file:///Users/wangyifeng1/Desktop/simpleaircraftbattle/assets/script/EnemyController.ts
16:52:44 debug: Resolve cc from file:///Users/wangyifeng1/Desktop/simpleaircraftbattle/assets/script/EnemyController.ts as cce:/internal/x/cc.
16:52:44 debug: Resolve cc from file:///Users/wangyifeng1/Desktop/simpleaircraftbattle/assets/script/EnemyController.ts as cce:/internal/x/cc.
16:52:44 debug: Resolve cc from file:///Users/wangyifeng1/Desktop/simpleaircraftbattle/assets/script/EnemyController.ts as cce:/internal/x/cc.
16:52:44 debug: Resolve ./BulletController from file:///Users/wangyifeng1/Desktop/simpleaircraftbattle/assets/script/BgController.ts as file:///Users/wangyifeng1/Desktop/simpleaircraftbattle/assets/script/BulletController.ts.
16:52:44 debug: Inspect file:///Users/wangyifeng1/Desktop/simpleaircraftbattle/assets/script/BulletController.ts
16:52:44 debug: Resolve cc from file:///Users/wangyifeng1/Desktop/simpleaircraftbattle/assets/script/BulletController.ts as cce:/internal/x/cc.
16:52:44 debug: Resolve cc from file:///Users/wangyifeng1/Desktop/simpleaircraftbattle/assets/script/BulletController.ts as cce:/internal/x/cc.
16:52:44 debug: Resolve cc from file:///Users/wangyifeng1/Desktop/simpleaircraftbattle/assets/script/BulletController.ts as cce:/internal/x/cc.
16:52:44 debug: Resolve ./GameController from file:///Users/wangyifeng1/Desktop/simpleaircraftbattle/assets/script/BgController.ts as file:///Users/wangyifeng1/Desktop/simpleaircraftbattle/assets/script/GameController.ts.
16:52:44 debug: Inspect file:///Users/wangyifeng1/Desktop/simpleaircraftbattle/assets/script/GameController.ts
16:52:44 debug: Resolve cc from file:///Users/wangyifeng1/Desktop/simpleaircraftbattle/assets/script/GameController.ts as cce:/internal/x/cc.
16:52:44 debug: Resolve cc from file:///Users/wangyifeng1/Desktop/simpleaircraftbattle/assets/script/GameController.ts as cce:/internal/x/cc.
16:52:44 debug: Resolve cc from file:///Users/wangyifeng1/Desktop/simpleaircraftbattle/assets/script/GameController.ts as cce:/internal/x/cc.
16:52:44 debug: Resolve file:///Users/wangyifeng1/Desktop/simpleaircraftbattle/assets/script/BulletController.ts from cce:/internal/x/prerequisite-imports as file:///Users/wangyifeng1/Desktop/simpleaircraftbattle/assets/script/BulletController.ts.
16:52:44 debug: Resolve file:///Users/wangyifeng1/Desktop/simpleaircraftbattle/assets/script/EnemyController.ts from cce:/internal/x/prerequisite-imports as file:///Users/wangyifeng1/Desktop/simpleaircraftbattle/assets/script/EnemyController.ts.
16:52:44 debug: Resolve file:///Users/wangyifeng1/Desktop/simpleaircraftbattle/assets/script/EnemyManager.ts from cce:/internal/x/prerequisite-imports as file:///Users/wangyifeng1/Desktop/simpleaircraftbattle/assets/script/EnemyManager.ts.
16:52:44 debug: Inspect file:///Users/wangyifeng1/Desktop/simpleaircraftbattle/assets/script/EnemyManager.ts
16:52:44 debug: Resolve cc from file:///Users/wangyifeng1/Desktop/simpleaircraftbattle/assets/script/EnemyManager.ts as cce:/internal/x/cc.
16:52:44 debug: Resolve cc from file:///Users/wangyifeng1/Desktop/simpleaircraftbattle/assets/script/EnemyManager.ts as cce:/internal/x/cc.
16:52:44 debug: Resolve cc from file:///Users/wangyifeng1/Desktop/simpleaircraftbattle/assets/script/EnemyManager.ts as cce:/internal/x/cc.
16:52:44 debug: Resolve file:///Users/wangyifeng1/Desktop/simpleaircraftbattle/assets/script/GameController.ts from cce:/internal/x/prerequisite-imports as file:///Users/wangyifeng1/Desktop/simpleaircraftbattle/assets/script/GameController.ts.
16:52:44 debug: Resolve file:///Users/wangyifeng1/Desktop/simpleaircraftbattle/assets/script/PlayerController.ts from cce:/internal/x/prerequisite-imports as file:///Users/wangyifeng1/Desktop/simpleaircraftbattle/assets/script/PlayerController.ts.
16:52:44 debug: Inspect file:///Users/wangyifeng1/Desktop/simpleaircraftbattle/assets/script/PlayerController.ts
16:52:44 debug: Resolve cc from file:///Users/wangyifeng1/Desktop/simpleaircraftbattle/assets/script/PlayerController.ts as cce:/internal/x/cc.
16:52:44 debug: Resolve cc from file:///Users/wangyifeng1/Desktop/simpleaircraftbattle/assets/script/PlayerController.ts as cce:/internal/x/cc.
16:52:44 debug: Resolve cc from file:///Users/wangyifeng1/Desktop/simpleaircraftbattle/assets/script/PlayerController.ts as cce:/internal/x/cc.
16:52:44 debug: Target(preview) ends with cost 348.43858301639557ms.
16:52:46 debug: Pulling asset-db.
16:52:47 debug: Fetch asset-db cost: 513.0956659913063ms.
16:52:47 debug: Build iteration starts.
Number of accumulated asset changes: 7
Feature changed: false
16:52:47 debug: Target(editor) build started.
16:52:47 debug: Detected change: cce:/internal/x/prerequisite-imports. Last mtime: Thu Jan 01 1970 08:00:12 GMT+0800 (中国标准时间), Current mtime: Thu Jan 01 1970 08:00:15 GMT+0800 (中国标准时间)
16:52:47 debug: Inspect cce:/internal/x/prerequisite-imports
16:52:47 debug: Resolve file:///Applications/Cocos/Creator/3.8.2/CocosCreator.app/Contents/Resources/resources/3d/engine/editor/assets/tools/debug-view-runtime-control.ts from cce:/internal/x/prerequisite-imports as file:///Applications/Cocos/Creator/3.8.2/CocosCreator.app/Contents/Resources/resources/3d/engine/editor/assets/tools/debug-view-runtime-control.ts.
16:52:47 debug: Resolve file:///Users/wangyifeng1/Desktop/simpleaircraftbattle/assets/script/BgController.ts from cce:/internal/x/prerequisite-imports as file:///Users/wangyifeng1/Desktop/simpleaircraftbattle/assets/script/BgController.ts.
16:52:47 debug: Resolve file:///Users/wangyifeng1/Desktop/simpleaircraftbattle/assets/script/BulletController.ts from cce:/internal/x/prerequisite-imports as file:///Users/wangyifeng1/Desktop/simpleaircraftbattle/assets/script/BulletController.ts.
16:52:47 debug: Resolve file:///Users/wangyifeng1/Desktop/simpleaircraftbattle/assets/script/EnemyController.ts from cce:/internal/x/prerequisite-imports as file:///Users/wangyifeng1/Desktop/simpleaircraftbattle/assets/script/EnemyController.ts.
16:52:47 debug: Resolve file:///Users/wangyifeng1/Desktop/simpleaircraftbattle/assets/script/EnemyManager.ts from cce:/internal/x/prerequisite-imports as file:///Users/wangyifeng1/Desktop/simpleaircraftbattle/assets/script/EnemyManager.ts.
16:52:47 debug: Resolve file:///Users/wangyifeng1/Desktop/simpleaircraftbattle/assets/script/GameController.ts from cce:/internal/x/prerequisite-imports as file:///Users/wangyifeng1/Desktop/simpleaircraftbattle/assets/script/GameController.ts.
16:52:47 debug: Resolve file:///Users/wangyifeng1/Desktop/simpleaircraftbattle/assets/script/PlayerController.ts from cce:/internal/x/prerequisite-imports as file:///Users/wangyifeng1/Desktop/simpleaircraftbattle/assets/script/PlayerController.ts.
16:52:47 debug: Target(editor) ends with cost 36.11620795726776ms.
16:52:47 debug: Target(preview) build started.
16:52:47 debug: Detected change: cce:/internal/x/prerequisite-imports. Last mtime: Thu Jan 01 1970 08:00:12 GMT+0800 (中国标准时间), Current mtime: Thu Jan 01 1970 08:00:15 GMT+0800 (中国标准时间)
16:52:47 debug: Inspect cce:/internal/x/prerequisite-imports
16:52:47 debug: Resolve file:///Applications/Cocos/Creator/3.8.2/CocosCreator.app/Contents/Resources/resources/3d/engine/editor/assets/tools/debug-view-runtime-control.ts from cce:/internal/x/prerequisite-imports as file:///Applications/Cocos/Creator/3.8.2/CocosCreator.app/Contents/Resources/resources/3d/engine/editor/assets/tools/debug-view-runtime-control.ts.
16:52:47 debug: Resolve file:///Users/wangyifeng1/Desktop/simpleaircraftbattle/assets/script/BgController.ts from cce:/internal/x/prerequisite-imports as file:///Users/wangyifeng1/Desktop/simpleaircraftbattle/assets/script/BgController.ts.
16:52:47 debug: Resolve file:///Users/wangyifeng1/Desktop/simpleaircraftbattle/assets/script/BulletController.ts from cce:/internal/x/prerequisite-imports as file:///Users/wangyifeng1/Desktop/simpleaircraftbattle/assets/script/BulletController.ts.
16:52:47 debug: Resolve file:///Users/wangyifeng1/Desktop/simpleaircraftbattle/assets/script/EnemyController.ts from cce:/internal/x/prerequisite-imports as file:///Users/wangyifeng1/Desktop/simpleaircraftbattle/assets/script/EnemyController.ts.
16:52:47 debug: Resolve file:///Users/wangyifeng1/Desktop/simpleaircraftbattle/assets/script/EnemyManager.ts from cce:/internal/x/prerequisite-imports as file:///Users/wangyifeng1/Desktop/simpleaircraftbattle/assets/script/EnemyManager.ts.
16:52:47 debug: Resolve file:///Users/wangyifeng1/Desktop/simpleaircraftbattle/assets/script/GameController.ts from cce:/internal/x/prerequisite-imports as file:///Users/wangyifeng1/Desktop/simpleaircraftbattle/assets/script/GameController.ts.
16:52:47 debug: Resolve file:///Users/wangyifeng1/Desktop/simpleaircraftbattle/assets/script/PlayerController.ts from cce:/internal/x/prerequisite-imports as file:///Users/wangyifeng1/Desktop/simpleaircraftbattle/assets/script/PlayerController.ts.
16:52:47 debug: Target(preview) ends with cost 24.547416985034943ms.
