2024-5-31 14:30:06-log: Cannot access game frame or container.
2024-5-31 14:30:07-debug: asset-db:require-engine-code (855ms)
2024-5-31 14:30:07-log: meshopt wasm decoder initialized
2024-5-31 14:30:07-log: [box2d]:box2d wasm lib loaded.
2024-5-31 14:30:07-log: [bullet]:bullet wasm lib loaded.
2024-5-31 14:30:08-log: Cocos Creator v3.8.2
2024-5-31 14:30:12-debug: [Assets Memory track]: asset-db-plugin-enable: builder start:108.37MB, end 208.42MB, increase: 100.05MB
2024-5-31 14:30:12-debug: [Assets Memory track]: asset-db-plugin-enable: project start:108.01MB, end 211.20MB, increase: 103.19MB
2024-5-31 14:30:12-debug: [Assets Memory track]: asset-db:worker-init: initPlugin start:105.54MB, end 211.31MB, increase: 105.77MB
2024-5-31 14:30:12-debug: [Assets Memory track]: asset-db-plugin-register: engine-extends start:107.89MB, end 211.19MB, increase: 103.30MB
2024-5-31 14:30:08-debug: [Assets Memory track]: asset-db-plugin-register: programming start:106.37MB, end 107.84MB, increase: 1.47MB
2024-5-31 14:30:08-debug: [Assets Memory track]: asset-db:worker-init: initEngine start:20.68MB, end 105.53MB, increase: 84.85MB
2024-5-31 14:30:12-debug: run package(huawei-agc) handler(enable) start
2024-5-31 14:30:12-debug: run package(huawei-quick-game) handler(enable) start
2024-5-31 14:30:12-debug: run package(huawei-quick-game) handler(enable) success!
2024-5-31 14:30:12-debug: run package(linux) handler(enable) start
2024-5-31 14:30:12-debug: run package(linux) handler(enable) success!
2024-5-31 14:30:12-debug: run package(mac) handler(enable) start
2024-5-31 14:30:12-debug: run package(ios) handler(enable) success!
2024-5-31 14:30:12-debug: run package(ios) handler(enable) start
2024-5-31 14:30:12-debug: run package(huawei-agc) handler(enable) success!
2024-5-31 14:30:12-debug: run package(mac) handler(enable) success!
2024-5-31 14:30:12-debug: run package(ohos) handler(enable) start
2024-5-31 14:30:12-debug: run package(native) handler(enable) success!
2024-5-31 14:30:12-debug: run package(openharmony) handler(enable) success!
2024-5-31 14:30:12-debug: run package(ohos) handler(enable) success!
2024-5-31 14:30:12-debug: run package(oppo-mini-game) handler(enable) start
2024-5-31 14:30:12-debug: run package(runtime-dev-tools) handler(enable) start
2024-5-31 14:30:12-debug: run package(openharmony) handler(enable) start
2024-5-31 14:30:12-debug: run package(taobao-creative-app) handler(enable) start
2024-5-31 14:30:12-debug: run package(oppo-mini-game) handler(enable) success!
2024-5-31 14:30:12-debug: run package(native) handler(enable) start
2024-5-31 14:30:12-debug: run package(taobao-mini-game) handler(enable) start
2024-5-31 14:30:12-debug: run package(taobao-creative-app) handler(enable) success!
2024-5-31 14:30:12-debug: run package(vivo-mini-game) handler(enable) success!
2024-5-31 14:30:12-debug: run package(runtime-dev-tools) handler(enable) success!
2024-5-31 14:30:12-debug: run package(web-desktop) handler(enable) success!
2024-5-31 14:30:12-debug: run package(vivo-mini-game) handler(enable) start
2024-5-31 14:30:12-debug: run package(taobao-mini-game) handler(enable) success!
2024-5-31 14:30:12-debug: run package(web-desktop) handler(enable) start
2024-5-31 14:30:12-debug: run package(wechatprogram) handler(enable) start
2024-5-31 14:30:12-debug: run package(wechatprogram) handler(enable) success!
2024-5-31 14:30:12-debug: run package(windows) handler(enable) success!
2024-5-31 14:30:12-debug: run package(windows) handler(enable) start
2024-5-31 14:30:12-debug: run package(wechatgame) handler(enable) success!
2024-5-31 14:30:12-debug: run package(cocos-service) handler(enable) start
2024-5-31 14:30:12-debug: run package(cocos-service) handler(enable) success!
2024-5-31 14:30:12-debug: run package(xiaomi-quick-game) handler(enable) start
2024-5-31 14:30:12-debug: run package(im-plugin) handler(enable) start
2024-5-31 14:30:12-debug: run package(xiaomi-quick-game) handler(enable) success!
2024-5-31 14:30:12-debug: run package(fix-device) handler(enable) success!
2024-5-31 14:30:12-debug: run package(placeholder) handler(enable) start
2024-5-31 14:30:12-debug: run package(wechatgame) handler(enable) start
2024-5-31 14:30:12-debug: run package(placeholder) handler(enable) success!
2024-5-31 14:30:12-debug: run package(web-mobile) handler(enable) start
2024-5-31 14:30:12-debug: run package(web-mobile) handler(enable) success!
2024-5-31 14:30:12-debug: [Assets Memory track]: asset-db:worker-init start:20.68MB, end 208.41MB, increase: 187.73MB
2024-5-31 14:30:12-debug: Run asset db hook programming:beforePreStart success!
2024-5-31 14:30:12-debug: Run asset db hook engine-extends:beforePreStart ...
2024-5-31 14:30:12-debug: Run asset db hook programming:beforePreStart ...
2024-5-31 14:30:12-debug: Run asset db hook engine-extends:beforePreStart success!
2024-5-31 14:30:12-debug: run package(fix-device) handler(enable) start
2024-5-31 14:30:12-debug: asset-db:worker-init: initPlugin (4126ms)
2024-5-31 14:30:12-debug: run package(im-plugin) handler(enable) success!
2024-5-31 14:30:12-debug: asset-db:worker-init (6402ms)
2024-5-31 14:30:12-debug: asset-db-hook-programming-beforePreStart (682ms)
2024-5-31 14:30:12-debug: Preimport db internal success
2024-5-31 14:30:13-debug: Preimport db assets success
2024-5-31 14:30:12-debug: asset-db-hook-engine-extends-beforePreStart (682ms)
2024-5-31 14:30:13-debug: Run asset db hook programming:afterPreStart ...
2024-5-31 14:30:13-debug: starting packer-driver...
2024-5-31 14:30:13-debug: initialize scripting environment...
2024-5-31 14:30:13-debug: Set detail map pack:///resolution-detail-map.json: {}
2024-5-31 14:30:13-debug: Run asset db hook engine-extends:afterPreStart ...
2024-5-31 14:30:13-debug: Run asset db hook programming:afterPreStart success!
2024-5-31 14:30:13-debug: Start up the 'internal' database...
2024-5-31 14:30:13-debug: Run asset db hook engine-extends:afterPreStart success!
2024-5-31 14:30:13-debug: asset-db-hook-programming-afterPreStart (384ms)
2024-5-31 14:30:13-debug: asset-db:worker-effect-data-processing (87ms)
2024-5-31 14:30:13-debug: asset-db-hook-engine-extends-afterPreStart (87ms)
2024-5-31 14:30:13-debug: Start up the 'assets' database...
2024-5-31 14:30:13-debug: asset-db:worker-startup-database[internal] (700ms)
2024-5-31 14:30:13-debug: asset-db:worker-startup-database[assets] (484ms)
2024-5-31 14:30:13-debug: asset-db:start-database (1174ms)
2024-5-31 14:30:13-debug: init worker message success
2024-5-31 14:30:13-debug: asset-db:ready (8986ms)
2024-5-31 14:30:14-debug: [Build Memory track]: builder:worker-init start:187.77MB, end 199.07MB, increase: 11.30MB
2024-5-31 14:30:14-debug: builder:worker-init (1283ms)
2024-5-31 14:30:14-debug: programming:execute-script (1ms)
2024-5-31 14:30:15-debug: programming:execute-script (2ms)
2024-5-31 14:30:54-debug: refresh db internal success
2024-5-31 14:30:54-debug: refresh db assets success
2024-5-31 14:30:54-debug: Run asset db hook engine-extends:afterRefresh ...
2024-5-31 14:30:54-debug: asset-db:refresh-all-database (165ms)
2024-5-31 14:30:54-debug: Run asset db hook engine-extends:afterRefresh success!
2024-5-31 14:31:03-debug: refresh db internal success
2024-5-31 14:31:03-debug: refresh db assets success
2024-5-31 14:31:03-debug: Run asset db hook engine-extends:afterRefresh ...
2024-5-31 14:31:03-debug: asset-db-hook-engine-extends-afterRefresh (1ms)
2024-5-31 14:31:03-debug: Run asset db hook engine-extends:afterRefresh success!
2024-5-31 14:31:03-debug: asset-db:refresh-all-database (132ms)
2024-5-31 14:43:14-debug: refresh db internal success
2024-5-31 14:43:14-debug: refresh db assets success
2024-5-31 14:43:14-debug: Run asset db hook engine-extends:afterRefresh ...
2024-5-31 14:43:14-debug: asset-db-hook-engine-extends-afterRefresh (1ms)
2024-5-31 14:43:14-debug: Run asset db hook engine-extends:afterRefresh success!
2024-5-31 14:43:14-debug: asset-db:refresh-all-database (154ms)
2024-5-31 14:55:46-debug: refresh db internal success
2024-5-31 14:55:46-debug: refresh db assets success
2024-5-31 14:55:46-debug: Run asset db hook engine-extends:afterRefresh ...
2024-5-31 14:55:46-debug: asset-db:refresh-all-database (260ms)
2024-5-31 14:55:46-debug: Run asset db hook engine-extends:afterRefresh success!
2024-5-31 14:56:39-debug: refresh db internal success
2024-5-31 14:56:39-debug: refresh db assets success
2024-5-31 14:56:39-debug: Run asset db hook engine-extends:afterRefresh ...
2024-5-31 14:56:39-debug: asset-db:refresh-all-database (98ms)
2024-5-31 14:56:39-debug: asset-db-hook-engine-extends-afterRefresh (1ms)
2024-5-31 14:56:39-debug: Run asset db hook engine-extends:afterRefresh success!
